GowinSynthesis start
Running parser ...
Analyzing Verilog file 'C:\Users\admin\OneDrive\Desktop\gowinn\testnhe\LED_BLINK\src\led_flash.v'
Analyzing Verilog file 'C:\Users\admin\OneDrive\Desktop\gowinn\testnhe\LED_BLINK\src\sync_debounce.v'
Analyzing Verilog file 'C:\Users\admin\OneDrive\Desktop\gowinn\testnhe\LED_BLINK\src\timer.v'
Analyzing Verilog file 'C:\Users\admin\OneDrive\Desktop\gowinn\testnhe\LED_BLINK\src\top_module.v'
Analyzing Verilog file 'C:\Users\admin\OneDrive\Desktop\gowinn\testnhe\LED_BLINK\src\watchdog_core .v'
Analyzing Verilog file 'C:\Users\admin\OneDrive\Desktop\gowinn\testnhe\LED_BLINK\src\regfile.v'
Analyzing Verilog file 'C:\Users\admin\OneDrive\Desktop\gowinn\testnhe\LED_BLINK\src\uart_rx.v'
Compiling module 'top_module'("C:\Users\admin\OneDrive\Desktop\gowinn\testnhe\LED_BLINK\src\top_module.v":9)
Compiling module 'uart_rx'("C:\Users\admin\OneDrive\Desktop\gowinn\testnhe\LED_BLINK\src\uart_rx.v":4)
WARN  (EX3791) : Expression size 5 truncated to fit in target size 4("C:\Users\admin\OneDrive\Desktop\gowinn\testnhe\LED_BLINK\src\uart_rx.v":73)
WARN  (EX3791) : Expression size 15 truncated to fit in target size 14("C:\Users\admin\OneDrive\Desktop\gowinn\testnhe\LED_BLINK\src\uart_rx.v":75)
NOTE  (EX0101) : Current top module is "top_module"
[5%] Running netlist conversion ...
Running device independent optimization ...
[10%] Optimizing Phase 0 completed
[15%] Optimizing Phase 1 completed
[25%] Optimizing Phase 2 completed
Running inference ...
[30%] Inferring Phase 0 completed
[40%] Inferring Phase 1 completed
[50%] Inferring Phase 2 completed
[55%] Inferring Phase 3 completed
Running technical mapping ...
[60%] Tech-Mapping Phase 0 completed
[65%] Tech-Mapping Phase 1 completed
[75%] Tech-Mapping Phase 2 completed
[80%] Tech-Mapping Phase 3 completed
[90%] Tech-Mapping Phase 4 completed
[95%] Generate netlist file "C:\Users\admin\OneDrive\Desktop\gowinn\testnhe\LED_BLINK\impl\gwsynthesis\top_module.vg" completed
[100%] Generate report file "C:\Users\admin\OneDrive\Desktop\gowinn\testnhe\LED_BLINK\impl\gwsynthesis\top_module_syn.rpt.html" completed
GowinSynthesis finish
